{
  "stats": {
    "suites": 1,
    "tests": 4,
    "passes": 3,
    "pending": 0,
    "failures": 1,
    "start": "2021-07-15T15:17:52.893Z",
    "end": "2021-07-15T15:18:08.364Z",
    "duration": 15471,
    "testsRegistered": 4,
    "passPercent": 75,
    "pendingPercent": 0,
    "other": 0,
    "hasOther": false,
    "skipped": 0,
    "hasSkipped": false
  },
  "results": [
    {
      "uuid": "90b97b3b-1ba6-43e6-b98a-89cf88ad423a",
      "title": "",
      "fullFile": "cypress/integration/bankTestCases/homePageTest.js",
      "file": "cypress/integration/bankTestCases/homePageTest.js",
      "beforeHooks": [],
      "afterHooks": [],
      "tests": [],
      "suites": [
        {
          "uuid": "58cf1f9b-4422-4f4b-9aea-07f8980a7c17",
          "title": "Home Page Test Suite",
          "fullFile": "",
          "file": "",
          "beforeHooks": [],
          "afterHooks": [],
          "tests": [
            {
              "title": "validate title",
              "fullTitle": "Home Page Test Suite validate title",
              "timedOut": null,
              "duration": 884,
              "state": "failed",
              "speed": null,
              "pass": false,
              "fail": true,
              "pending": false,
              "context": null,
              "code": "//hpObj.getTitle().should('eq', \"Protractor practice website - Banking App\")\nhpObj.validatePageTitle(this.globalData.homePageTitle);",
              "err": {
                "message": "TypeError: Cannot read property 'homePageTitle' of undefined",
                "estack": "TypeError: Cannot read property 'homePageTitle' of undefined\n    at Context.eval (http://www.way2automation.com/__cypress/tests?p=cypress\\integration\\bankTestCases\\homePageTest.js:116:45)",
                "diff": null
              },
              "uuid": "32d310e7-3695-492a-8ba1-de7f914c61a3",
              "parentUUID": "58cf1f9b-4422-4f4b-9aea-07f8980a7c17",
              "isHook": false,
              "skipped": false
            },
            {
              "title": "Elements visibility test",
              "fullTitle": "Home Page Test Suite Elements visibility test",
              "timedOut": null,
              "duration": 195,
              "state": "passed",
              "speed": "slow",
              "pass": true,
              "fail": false,
              "pending": false,
              "context": null,
              "code": "hpObj.validateElementsAvailability();",
              "err": {},
              "uuid": "316e3bd0-6a40-4ba6-8c6c-6024c96b5648",
              "parentUUID": "58cf1f9b-4422-4f4b-9aea-07f8980a7c17",
              "isHook": false,
              "skipped": false
            },
            {
              "title": "Navigation test to customer login",
              "fullTitle": "Home Page Test Suite Navigation test to customer login",
              "timedOut": null,
              "duration": 277,
              "state": "passed",
              "speed": "slow",
              "pass": true,
              "fail": false,
              "pending": false,
              "context": null,
              "code": "hpObj.validateCustomerLoginUrl();",
              "err": {},
              "uuid": "6de87023-f33d-40e2-8690-08dc469c5588",
              "parentUUID": "58cf1f9b-4422-4f4b-9aea-07f8980a7c17",
              "isHook": false,
              "skipped": false
            },
            {
              "title": "Navigation test to Bank Manager login",
              "fullTitle": "Home Page Test Suite Navigation test to Bank Manager login",
              "timedOut": null,
              "duration": 249,
              "state": "passed",
              "speed": "slow",
              "pass": true,
              "fail": false,
              "pending": false,
              "context": null,
              "code": "hpObj.validateManagerLoginUrl();",
              "err": {},
              "uuid": "5e45ca91-84dd-4fa9-a1b4-a927c3694a74",
              "parentUUID": "58cf1f9b-4422-4f4b-9aea-07f8980a7c17",
              "isHook": false,
              "skipped": false
            }
          ],
          "suites": [],
          "passes": [
            "316e3bd0-6a40-4ba6-8c6c-6024c96b5648",
            "6de87023-f33d-40e2-8690-08dc469c5588",
            "5e45ca91-84dd-4fa9-a1b4-a927c3694a74"
          ],
          "failures": [
            "32d310e7-3695-492a-8ba1-de7f914c61a3"
          ],
          "pending": [],
          "skipped": [],
          "duration": 1605,
          "root": false,
          "rootEmpty": false,
          "_timeout": 2000
        }
      ],
      "passes": [],
      "failures": [],
      "pending": [],
      "skipped": [],
      "duration": 0,
      "root": true,
      "rootEmpty": true,
      "_timeout": 2000
    }
  ],
  "meta": {
    "mocha": {
      "version": "7.0.1"
    },
    "mochawesome": {
      "options": {
        "quiet": false,
        "reportFilename": "testReport",
        "saveHtml": true,
        "saveJson": true,
        "consoleReporter": "spec",
        "useInlineDiffs": false,
        "code": true
      },
      "version": "6.2.2"
    },
    "marge": {
      "options": {
        "reportFilename": "testReport",
        "overwrite": false,
        "html": true,
        "json": true,
        "charts": true
      },
      "version": "5.2.0"
    }
  }
}