{
  "stats": {
    "suites": 1,
    "tests": 1,
    "passes": 1,
    "pending": 0,
    "failures": 0,
    "start": "2021-07-15T15:18:12.791Z",
    "end": "2021-07-15T15:18:15.582Z",
    "duration": 2791,
    "testsRegistered": 1,
    "passPercent": 100,
    "pendingPercent": 0,
    "other": 0,
    "hasOther": false,
    "skipped": 0,
    "hasSkipped": false
  },
  "results": [
    {
      "uuid": "bf57809b-65d2-492d-9aba-b13c4bc4bfa5",
      "title": "",
      "fullFile": "cypress/integration/bankTestCases/managerPageTest.js",
      "file": "cypress/integration/bankTestCases/managerPageTest.js",
      "beforeHooks": [],
      "afterHooks": [],
      "tests": [],
      "suites": [
        {
          "uuid": "c52345e8-3109-49a5-9144-67c48c781620",
          "title": "Bank Manageer Page Test Suite",
          "fullFile": "",
          "file": "",
          "beforeHooks": [],
          "afterHooks": [],
          "tests": [
            {
              "title": "Add Customer Details",
              "fullTitle": "Bank Manageer Page Test Suite Add Customer Details",
              "timedOut": null,
              "duration": 1916,
              "state": "passed",
              "speed": "slow",
              "pass": true,
              "fail": false,
              "pending": false,
              "context": null,
              "code": "hpObj.clickOnBankManagerLoginButton();\nmgrPageObj.openCustomerInfoForm();\nmgrPageObj.enterCustomerInfo(this.globalData.firstName, this.globalData.lastName, this.globalData.postCode);\nmgrPageObj.addCustomerToBank();\nmgrPageObj.validateAlerMessage(this.globalData.alertMessage);",
              "err": {},
              "uuid": "9ba77e95-b51d-4144-8da6-a114143dd325",
              "parentUUID": "c52345e8-3109-49a5-9144-67c48c781620",
              "isHook": false,
              "skipped": false
            }
          ],
          "suites": [],
          "passes": [
            "9ba77e95-b51d-4144-8da6-a114143dd325"
          ],
          "failures": [],
          "pending": [],
          "skipped": [],
          "duration": 1916,
          "root": false,
          "rootEmpty": false,
          "_timeout": 2000
        }
      ],
      "passes": [],
      "failures": [],
      "pending": [],
      "skipped": [],
      "duration": 0,
      "root": true,
      "rootEmpty": true,
      "_timeout": 2000
    }
  ],
  "meta": {
    "mocha": {
      "version": "7.0.1"
    },
    "mochawesome": {
      "options": {
        "quiet": false,
        "reportFilename": "testReport",
        "saveHtml": true,
        "saveJson": true,
        "consoleReporter": "spec",
        "useInlineDiffs": false,
        "code": true
      },
      "version": "6.2.2"
    },
    "marge": {
      "options": {
        "reportFilename": "testReport",
        "overwrite": false,
        "html": true,
        "json": true,
        "charts": true
      },
      "version": "5.2.0"
    }
  }
}